# JRE version: OpenJDK Runtime Environment (11.0.12+7) (build 11.0.12+7-b1504.28-7817840)
# Java VM: OpenJDK 64-Bit Server VM (11.0.12+7-b1504.28-7817840, mixed mode, tiered, compressed oops, g1 gc, windows-amd64)
Heap:
 garbage-first heap   total 478208K, used 339522K [0x0000000080000000, 0x0000000100000000)
  region size 1024K, 26 young (26624K), 4 survivors (4096K)
 Metaspace       used 162264K, capacity 166585K, committed 166732K, reserved 1193984K
  class space    used 19861K, capacity 21459K, committed 21580K, reserved 1048576K
GC Heap History (20 events):
Event: 589.564 GC heap before
{Heap before GC invocations=126 (full 0):
 garbage-first heap   total 478208K, used 411797K [0x0000000080000000, 0x0000000100000000)
  region size 1024K, 100 young (102400K), 8 survivors (8192K)
 Metaspace       used 151922K, capacity 155739K, committed 155980K, reserved 1185792K
  class space    used 18477K, capacity 19923K, committed 20044K, reserved 1048576K
}
Event: 589.660 GC heap after
{Heap after GC invocations=127 (full 0):
 garbage-first heap   total 478208K, used 335651K [0x0000000080000000, 0x0000000100000000)
  region size 1024K, 13 young (13312K), 13 survivors (13312K)
 Metaspace       used 151922K, capacity 155739K, committed 155980K, reserved 1185792K
  class space    used 18477K, capacity 19923K, committed 20044K, reserved 1048576K
}
Event: 589.726 GC heap before
{Heap before GC invocations=127 (full 0):
 garbage-first heap   total 478208K, used 344867K [0x0000000080000000, 0x0000000100000000)
  region size 1024K, 23 young (23552K), 13 survivors (13312K)
 Metaspace       used 151922K, capacity 155739K, committed 155980K, reserved 1185792K
  class space    used 18477K, capacity 19923K, committed 20044K, reserved 1048576K
}
Event: 589.784 GC heap after
{Heap after GC invocations=128 (full 0):
 garbage-first heap   total 478208K, used 291681K [0x0000000080000000, 0x0000000100000000)
  region size 1024K, 3 young (3072K), 3 survivors (3072K)
 Metaspace       used 151922K, capacity 155739K, committed 155980K, reserved 1185792K
  class space    used 18477K, capacity 19923K, committed 20044K, reserved 1048576K
}
Event: 590.143 GC heap before
{Heap before GC invocations=128 (full 0):
 garbage-first heap   total 478208K, used 311137K [0x0000000080000000, 0x0000000100000000)
  region size 1024K, 23 young (23552K), 3 survivors (3072K)
 Metaspace       used 151923K, capacity 155739K, committed 155980K, reserved 1185792K
  class space    used 18477K, capacity 19923K, committed 20044K, reserved 1048576K
}
Event: 590.177 GC heap after
{Heap after GC invocations=129 (full 0):
 garbage-first heap   total 478208K, used 249344K [0x0000000080000000, 0x0000000100000000)
  region size 1024K, 3 young (3072K), 3 survivors (3072K)
 Metaspace       used 151923K, capacity 155739K, committed 155980K, reserved 1185792K
  class space    used 18477K, capacity 19923K, committed 20044K, reserved 1048576K
}
Event: 590.527 GC heap before
{Heap before GC invocations=129 (full 0):
 garbage-first heap   total 478208K, used 269824K [0x0000000080000000, 0x0000000100000000)
  region size 1024K, 23 young (23552K), 3 survivors (3072K)
 Metaspace       used 151923K, capacity 155739K, committed 155980K, reserved 1185792K
  class space    used 18477K, capacity 19923K, committed 20044K, reserved 1048576K
}
Event: 590.565 GC heap after
{Heap after GC invocations=130 (full 0):
 garbage-first heap   total 478208K, used 241997K [0x0000000080000000, 0x0000000100000000)
  region size 1024K, 3 young (3072K), 3 survivors (3072K)
 Metaspace       used 151923K, capacity 155739K, committed 155980K, reserved 1185792K
  class space    used 18477K, capacity 19923K, committed 20044K, reserved 1048576K
}
Event: 593.444 GC heap before
{Heap before GC invocations=130 (full 0):
 garbage-first heap   total 478208K, used 359757K [0x0000000080000000, 0x0000000100000000)
  region size 1024K, 119 young (121856K), 3 survivors (3072K)
 Metaspace       used 152009K, capacity 155753K, committed 155980K, reserved 1185792K
  class space    used 18480K, capacity 19924K, committed 20044K, reserved 1048576K
}
Event: 593.541 GC heap after
{Heap after GC invocations=131 (full 0):
 garbage-first heap   total 478208K, used 273408K [0x0000000080000000, 0x0000000100000000)
  region size 1024K, 15 young (15360K), 15 survivors (15360K)
 Metaspace       used 152009K, capacity 155753K, committed 155980K, reserved 1185792K
  class space    used 18480K, capacity 19924K, committed 20044K, reserved 1048576K
}
Event: 600.186 GC heap before
{Heap before GC invocations=131 (full 0):
 garbage-first heap   total 478208K, used 389119K [0x0000000080000000, 0x0000000100000000)
  region size 1024K, 114 young (116736K), 15 survivors (15360K)
 Metaspace       used 153414K, capacity 157246K, committed 157516K, reserved 1185792K
  class space    used 18684K, capacity 20150K, committed 20300K, reserved 1048576K
}
Event: 600.259 GC heap after
{Heap after GC invocations=132 (full 0):
 garbage-first heap   total 478208K, used 296448K [0x0000000080000000, 0x0000000100000000)
  region size 1024K, 9 young (9216K), 9 survivors (9216K)
 Metaspace       used 153414K, capacity 157246K, committed 157516K, reserved 1185792K
  class space    used 18684K, capacity 20150K, committed 20300K, reserved 1048576K
}
Event: 603.424 GC heap before
{Heap before GC invocations=132 (full 0):
 garbage-first heap   total 478208K, used 404992K [0x0000000080000000, 0x0000000100000000)
  region size 1024K, 100 young (102400K), 9 survivors (9216K)
 Metaspace       used 153437K, capacity 157246K, committed 157516K, reserved 1185792K
  class space    used 18686K, capacity 20150K, committed 20300K, reserved 1048576K
}
Event: 603.496 GC heap after
{Heap after GC invocations=133 (full 0):
 garbage-first heap   total 478208K, used 321600K [0x0000000080000000, 0x0000000100000000)
  region size 1024K, 12 young (12288K), 12 survivors (12288K)
 Metaspace       used 153437K, capacity 157246K, committed 157516K, reserved 1185792K
  class space    used 18686K, capacity 20150K, committed 20300K, reserved 1048576K
}
Event: 644.212 GC heap before
{Heap before GC invocations=133 (full 0):
 garbage-first heap   total 478208K, used 417856K [0x0000000080000000, 0x0000000100000000)
  region size 1024K, 86 young (88064K), 12 survivors (12288K)
 Metaspace       used 154922K, capacity 158999K, committed 159180K, reserved 1187840K
  class space    used 18913K, capacity 20418K, committed 20428K, reserved 1048576K
}
Event: 644.236 GC heap after
{Heap after GC invocations=134 (full 0):
 garbage-first heap   total 478208K, used 315970K [0x0000000080000000, 0x0000000100000000)
  region size 1024K, 2 young (2048K), 2 survivors (2048K)
 Metaspace       used 154922K, capacity 158999K, committed 159180K, reserved 1187840K
  class space    used 18913K, capacity 20418K, committed 20428K, reserved 1048576K
}
Event: 647.343 GC heap before
{Heap before GC invocations=134 (full 0):
 garbage-first heap   total 478208K, used 397890K [0x0000000080000000, 0x0000000100000000)
  region size 1024K, 82 young (83968K), 2 survivors (2048K)
 Metaspace       used 154933K, capacity 159001K, committed 159180K, reserved 1187840K
  class space    used 18914K, capacity 20419K, committed 20428K, reserved 1048576K
}
Event: 647.348 GC heap after
{Heap after GC invocations=135 (full 0):
 garbage-first heap   total 478208K, used 315505K [0x0000000080000000, 0x0000000100000000)
  region size 1024K, 2 young (2048K), 2 survivors (2048K)
 Metaspace       used 154933K, capacity 159001K, committed 159180K, reserved 1187840K
  class space    used 18914K, capacity 20419K, committed 20428K, reserved 1048576K
}
Event: 650.842 GC heap before
{Heap before GC invocations=135 (full 0):
 garbage-first heap   total 478208K, used 402545K [0x0000000080000000, 0x0000000100000000)
  region size 1024K, 85 young (87040K), 2 survivors (2048K)
 Metaspace       used 160989K, capacity 165290K, committed 165452K, reserved 1193984K
  class space    used 19705K, capacity 21281K, committed 21324K, reserved 1048576K
}
Event: 650.853 GC heap after
{Heap after GC invocations=136 (full 0):
 garbage-first heap   total 478208K, used 318018K [0x0000000080000000, 0x0000000100000000)
  region size 1024K, 4 young (4096K), 4 survivors (4096K)
 Metaspace       used 160989K, capacity 165290K, committed 165452K, reserved 1193984K
  class space    used 19705K, capacity 21281K, committed 21324K, reserved 1048576K
}

